This is pdfTeX, Version 3.14159265-2.6-1.40.16 (TeX Live 2015/Debian) (preloaded format=pdflatex 2016.12.6)  31 JUL 2017 14:28
entering extended mode
 restricted \write18 enabled.
 %&-line parsing enabled.
**Thesis-UNH.tex
(./Thesis-UNH.tex
LaTeX2e <2016/02/01>
Babel <3.9q> and hyphenation patterns for 3 language(s) loaded.
(/usr/share/texlive/texmf-dist/tex/latex/base/report.cls
Document Class: report 2014/09/29 v1.4h Standard LaTeX document class
(/usr/share/texlive/texmf-dist/tex/latex/base/size12.clo
File: size12.clo 2014/09/29 v1.4h Standard LaTeX file (size option)
)
\c@part=\count79
\c@chapter=\count80
\c@section=\count81
\c@subsection=\count82
\c@subsubsection=\count83
\c@paragraph=\count84
\c@subparagraph=\count85
\c@figure=\count86
\c@table=\count87
\abovecaptionskip=\skip41
\belowcaptionskip=\skip42
\bibindent=\dimen102
)
(/usr/share/texlive/texmf-dist/tex/latex/graphics/graphicx.sty
Package: graphicx 2014/10/28 v1.0g Enhanced LaTeX Graphics (DPC,SPQR)

(/usr/share/texlive/texmf-dist/tex/latex/graphics/keyval.sty
Package: keyval 2014/10/28 v1.15 key=value parser (DPC)
\KV@toks@=\toks14
)
(/usr/share/texlive/texmf-dist/tex/latex/graphics/graphics.sty
Package: graphics 2016/01/03 v1.0q Standard LaTeX Graphics (DPC,SPQR)

(/usr/share/texlive/texmf-dist/tex/latex/graphics/trig.sty
Package: trig 2016/01/03 v1.10 sin cos tan (DPC)
)
(/usr/share/texlive/texmf-dist/tex/latex/latexconfig/graphics.cfg
File: graphics.cfg 2010/04/23 v1.9 graphics configuration of TeX Live
)
Package graphics Info: Driver file: pdftex.def on input line 95.

(/usr/share/texlive/texmf-dist/tex/latex/pdftex-def/pdftex.def
File: pdftex.def 2011/05/27 v0.06d Graphics/color for pdfTeX

(/usr/share/texlive/texmf-dist/tex/generic/oberdiek/infwarerr.sty
Package: infwarerr 2010/04/08 v1.3 Providing info/warning/error messages (HO)
)
(/usr/share/texlive/texmf-dist/tex/generic/oberdiek/ltxcmds.sty
Package: ltxcmds 2011/11/09 v1.22 LaTeX kernel commands for general use (HO)
)
\Gread@gobject=\count88
))
\Gin@req@height=\dimen103
\Gin@req@width=\dimen104
)
(/usr/share/texlive/texmf-dist/tex/latex/url/url.sty
\Urlmuskip=\muskip10
Package: url 2013/09/16  ver 3.4  Verb mode for urls, etc.
) (./bookdefs_template.tex
(/usr/share/texlive/texmf-dist/tex/latex/mhchem/mhchem.sty
Package: mhchem 2016/02/07 v4.04 for typesetting chemical formulae

(/usr/share/texlive/texmf-dist/tex/latex/l3kernel/expl3.sty
Package: expl3 2016/01/19 v6377 L3 programming layer (loader) 

(/usr/share/texlive/texmf-dist/tex/latex/l3kernel/expl3-code.tex
Package: expl3 2016/01/19 v6377 L3 programming layer (code)
L3 Module: l3bootstrap 2016/01/01 v6339 L3 Bootstrap code
L3 Module: l3names 2015/12/21 v6328 L3 Namespace for primitives
L3 Module: l3basics 2015/11/22 v6315 L3 Basic definitions
L3 Module: l3expan 2015/09/10 v5983 L3 Argument expansion
L3 Module: l3tl 2015/09/29 v6121 L3 Token lists
L3 Module: l3str 2016/01/03 v6357 L3 Strings
L3 Module: l3seq 2015/08/05 v5777 L3 Sequences and stacks
L3 Module: l3int 2016/01/05 v6366 L3 Integers
\c_max_int=\count89
\l_tmpa_int=\count90
\l_tmpb_int=\count91
\g_tmpa_int=\count92
\g_tmpb_int=\count93
L3 Module: l3quark 2015/08/17 v5855 L3 Quarks
L3 Module: l3prg 2015/11/01 v6216 L3 Control structures
\g__prg_map_int=\count94
L3 Module: l3clist 2015/09/02 v5901 L3 Comma separated lists
L3 Module: l3token 2015/11/11 v6249 L3 Experimental token manipulation
L3 Module: l3prop 2016/01/05 v6366 L3 Property lists
L3 Module: l3msg 2015/09/28 v6113 L3 Messages
L3 Module: l3file 2015/12/03 v6317 L3 File and I/O operations
\l_iow_line_count_int=\count95
\l__iow_target_count_int=\count96
\l__iow_current_line_int=\count97
\l__iow_current_word_int=\count98
\l__iow_current_indentation_int=\count99
L3 Module: l3skip 2016/01/05 v6366 L3 Dimensions and skips
\c_zero_dim=\dimen105
\c_max_dim=\dimen106
\l_tmpa_dim=\dimen107
\l_tmpb_dim=\dimen108
\g_tmpa_dim=\dimen109
\g_tmpb_dim=\dimen110
\c_zero_skip=\skip43
\c_max_skip=\skip44
\l_tmpa_skip=\skip45
\l_tmpb_skip=\skip46
\g_tmpa_skip=\skip47
\g_tmpb_skip=\skip48
\c_zero_muskip=\muskip11
\c_max_muskip=\muskip12
\l_tmpa_muskip=\muskip13
\l_tmpb_muskip=\muskip14
\g_tmpa_muskip=\muskip15
\g_tmpb_muskip=\muskip16
L3 Module: l3keys 2015/11/17 v6284 L3 Key-value interfaces
\g__keyval_level_int=\count100
\l_keys_choice_int=\count101
L3 Module: l3fp 2015/08/25 v5890 L3 Floating points
\c__fp_leading_shift_int=\count102
\c__fp_middle_shift_int=\count103
\c__fp_trailing_shift_int=\count104
\c__fp_big_leading_shift_int=\count105
\c__fp_big_middle_shift_int=\count106
\c__fp_big_trailing_shift_int=\count107
\c__fp_Bigg_leading_shift_int=\count108
\c__fp_Bigg_middle_shift_int=\count109
\c__fp_Bigg_trailing_shift_int=\count110
L3 Module: l3box 2015/08/09 v5822 L3 Experimental boxes
\c_empty_box=\box26
\l_tmpa_box=\box27
\l_tmpb_box=\box28
\g_tmpa_box=\box29
\g_tmpb_box=\box30
L3 Module: l3coffins 2015/08/06 v5789 L3 Coffin code layer
\l__coffin_internal_box=\box31
\l__coffin_internal_dim=\dimen111
\l__coffin_offset_x_dim=\dimen112
\l__coffin_offset_y_dim=\dimen113
\l__coffin_x_dim=\dimen114
\l__coffin_y_dim=\dimen115
\l__coffin_x_prime_dim=\dimen116
\l__coffin_y_prime_dim=\dimen117
\c_empty_coffin=\box32
\l__coffin_aligned_coffin=\box33
\l__coffin_aligned_internal_coffin=\box34
\l_tmpa_coffin=\box35
\l_tmpb_coffin=\box36
\l__coffin_display_coffin=\box37
\l__coffin_display_coord_coffin=\box38
\l__coffin_display_pole_coffin=\box39
\l__coffin_display_offset_dim=\dimen118
\l__coffin_display_x_dim=\dimen119
\l__coffin_display_y_dim=\dimen120
L3 Module: l3color 2014/08/23 v5354 L3 Experimental color support
L3 Module: l3sys 2015/09/25 v6087 L3 Experimental system/runtime functions
L3 Module: l3candidates 2016/01/14 v6376 L3 Experimental additions to l3kernel
\l__box_top_dim=\dimen121
\l__box_bottom_dim=\dimen122
\l__box_left_dim=\dimen123
\l__box_right_dim=\dimen124
\l__box_top_new_dim=\dimen125
\l__box_bottom_new_dim=\dimen126
\l__box_left_new_dim=\dimen127
\l__box_right_new_dim=\dimen128
\l__box_internal_box=\box40
\l__coffin_bounding_shift_dim=\dimen129
\l__coffin_left_corner_dim=\dimen130
\l__coffin_right_corner_dim=\dimen131
\l__coffin_bottom_corner_dim=\dimen132
\l__coffin_top_corner_dim=\dimen133
\l__coffin_scaled_total_height_dim=\dimen134
\l__coffin_scaled_width_dim=\dimen135
L3 Module: l3luatex 2015/11/11 v6250 L3 Experimental LuaTeX-specific functions
)
(/usr/share/texlive/texmf-dist/tex/latex/l3kernel/l3pdfmode.def
File: l3pdfmode.def 2015/11/11 v6250 L3 Experimental driver: PDF mode
\l__driver_color_stack_int=\count111
))
(/usr/share/texlive/texmf-dist/tex/latex/l3packages/l3keys2e/l3keys2e.sty
Package: l3keys2e 2016/01/19 v6377 LaTeX2e option processing using LaTeX3 keys
)
(/usr/share/texlive/texmf-dist/tex/latex/l3experimental/l3str/l3regex.sty
Package: l3regex 2016/01/19 v6377 L3 Experimental regular expressions

(/usr/share/texlive/texmf-dist/tex/latex/l3experimental/l3str/l3tl-build.sty
Package: l3tl-build 2016/01/19 v6377 L3 Experimental token list construction
\l__tl_build_start_index_int=\count112
\l__tl_build_index_int=\count113
)
(/usr/share/texlive/texmf-dist/tex/latex/l3experimental/l3str/l3tl-analysis.sty
Package: l3tl-analysis 2015/11/09 v6244 L3 Experimental token lists analysis
\l__tl_analysis_normal_int=\count114
\l__tl_analysis_index_int=\count115
\l__tl_analysis_nesting_int=\count116
\l__tl_analysis_type_int=\count117
) (/usr/share/texlive/texmf-dist/tex/latex/l3experimental/l3str/l3flag.sty
Package: l3flag 2016/01/19 v6377 L3 Experimental flags
)
(/usr/share/texlive/texmf-dist/tex/latex/l3experimental/l3str/l3str-convert.sty
Package: l3str-convert 2015/09/26 v6106 L3 Experimental string encoding convers
ions
\l__str_internal_int=\count118
\c__str_replacement_char_int=\count119
)
\l__regex_internal_a_int=\count120
\l__regex_internal_b_int=\count121
\l__regex_internal_c_int=\count122
\l__regex_balance_int=\count123
\l__regex_group_level_int=\count124
\l__regex_mode_int=\count125
\l__regex_catcodes_int=\count126
\l__regex_default_catcodes_int=\count127
\c__regex_catcode_D_int=\count128
\c__regex_catcode_S_int=\count129
\c__regex_catcode_L_int=\count130
\c__regex_catcode_O_int=\count131
\c__regex_catcode_A_int=\count132
\c__regex_all_catcodes_int=\count133
\l__regex_show_lines_int=\count134
\l__regex_min_state_int=\count135
\l__regex_max_state_int=\count136
\l__regex_left_state_int=\count137
\l__regex_right_state_int=\count138
\l__regex_capturing_group_int=\count139
\l__regex_min_pos_int=\count140
\l__regex_max_pos_int=\count141
\l__regex_current_pos_int=\count142
\l__regex_start_pos_int=\count143
\l__regex_success_pos_int=\count144
\l__regex_current_char_int=\count145
\l__regex_current_catcode_int=\count146
\l__regex_last_char_int=\count147
\l__regex_case_changed_char_int=\count148
\l__regex_current_state_int=\count149
\l__regex_step_int=\count150
\l__regex_min_active_int=\count151
\l__regex_max_active_int=\count152
\l__regex_replacement_csnames_int=\count153
\l__regex_match_count_int=\count154
\l__regex_submatch_int=\count155
\l__regex_zeroth_submatch_int=\count156
) (/usr/share/texlive/texmf-dist/tex/latex/tools/calc.sty
Package: calc 2014/10/28 v4.3 Infix arithmetic (KKT,FJ)
\calc@Acount=\count157
\calc@Bcount=\count158
\calc@Adimen=\dimen136
\calc@Bdimen=\dimen137
\calc@Askip=\skip49
\calc@Bskip=\skip50
LaTeX Info: Redefining \setlength on input line 80.
LaTeX Info: Redefining \addtolength on input line 81.
\calc@Ccount=\count159
\calc@Cskip=\skip51
)
(/usr/share/texlive/texmf-dist/tex/latex/amsmath/amsmath.sty
Package: amsmath 2016/03/03 v2.15a AMS math features
\@mathmargin=\skip52

For additional information on amsmath, use the `?' option.
(/usr/share/texlive/texmf-dist/tex/latex/amsmath/amstext.sty
Package: amstext 2000/06/29 v2.01 AMS text

(/usr/share/texlive/texmf-dist/tex/latex/amsmath/amsgen.sty
File: amsgen.sty 1999/11/30 v2.0 generic functions
\@emptytoks=\toks15
\ex@=\dimen138
))
(/usr/share/texlive/texmf-dist/tex/latex/amsmath/amsbsy.sty
Package: amsbsy 1999/11/29 v1.2d Bold Symbols
\pmbraise@=\dimen139
)
(/usr/share/texlive/texmf-dist/tex/latex/amsmath/amsopn.sty
Package: amsopn 1999/12/14 v2.01 operator names
)
\inf@bad=\count160
LaTeX Info: Redefining \frac on input line 199.
\uproot@=\count161
\leftroot@=\count162
LaTeX Info: Redefining \overline on input line 297.
\classnum@=\count163
\DOTSCASE@=\count164
LaTeX Info: Redefining \ldots on input line 394.
LaTeX Info: Redefining \dots on input line 397.
LaTeX Info: Redefining \cdots on input line 518.
\Mathstrutbox@=\box41
\strutbox@=\box42
\big@size=\dimen140
LaTeX Font Info:    Redeclaring font encoding OML on input line 630.
LaTeX Font Info:    Redeclaring font encoding OMS on input line 631.
\macc@depth=\count165
\c@MaxMatrixCols=\count166
\dotsspace@=\muskip17
\c@parentequation=\count167
\dspbrk@lvl=\count168
\tag@help=\toks16
\row@=\count169
\column@=\count170
\maxfields@=\count171
\andhelp@=\toks17
\eqnshift@=\dimen141
\alignsep@=\dimen142
\tagshift@=\dimen143
\tagwidth@=\dimen144
\totwidth@=\dimen145
\lineht@=\dimen146
\@envbody=\toks18
\multlinegap=\skip53
\multlinetaggap=\skip54
\mathdisplay@stack=\toks19
LaTeX Info: Redefining \[ on input line 2735.
LaTeX Info: Redefining \] on input line 2736.
)
(/usr/share/texlive/texmf-dist/tex/latex/chemgreek/chemgreek.sty
(/usr/share/texlive/texmf-dist/tex/latex/l3packages/xparse/xparse.sty
Package: xparse 2016/01/19 v6377 L3 Experimental document command parser
\l__xparse_current_arg_int=\count172
\l__xparse_m_args_int=\count173
\l__xparse_mandatory_args_int=\count174
\l__xparse_processor_int=\count175
\l__xparse_v_nesting_int=\count176
)
Package: chemgreek 2016/02/10 v1.0e interfaceforuprightgreeklettersforuseinchem
istry (CN)
\l__chemgreek_tmpa_int=\count177
\g__chemgreek_tmpa_int=\count178
.................................................
. LaTeX info: "xparse/define-command"
. 
. Defining command \newchemgreekmapping with sig. 'O{}mm' on line 336.
.................................................
.................................................
. LaTeX info: "xparse/define-command"
. 
. Defining command \renewchemgreekmapping with sig. 'O{}mm' on line 339.
.................................................
.................................................
. LaTeX info: "xparse/define-command"
. 
. Defining command \declarechemgreekmapping with sig. 'O{}mm' on line 342.
.................................................
.................................................
. LaTeX info: "xparse/define-command"
. 
. Defining command \newchemgreekmappingalias with sig. 'mm' on line 347.
.................................................
.................................................
. LaTeX info: "xparse/define-command"
. 
. Defining command \renewchemgreekmappingalias with sig. 'mm' on line 350.
.................................................
.................................................
. LaTeX info: "xparse/define-command"
. 
. Defining command \declarechemgreekmappingalias with sig. 'mm' on line 353.
.................................................
.................................................
. LaTeX info: "xparse/define-command"
. 
. Defining command \changechemgreeksymbol with sig. 'mmmm' on line 383.
.................................................
.................................................
. LaTeX info: "xparse/define-command"
. 
. Defining command \chemgreekmappingsymbol with sig. 'mm' on line 477.
.................................................
.................................................
. LaTeX info: "xparse/define-command"
. 
. Defining command \activatechemgreekmapping with sig. 'sm' on line 486.
.................................................
.................................................
. LaTeX info: "xparse/define-command"
. 
. Defining command \selectchemgreekmapping with sig. 'm' on line 491.
.................................................
)
\l__mhchem_ce_distanceFromLastComma_int=\count179
\__mhchem_arrow_extPgfLength_skip=\skip55
\mhchem@minispace@tmp=\skip56
\mhchem@minibackspace@tmp=\skip57
\mhchem@bondwidth=\skip58
\mhchem@bondheight=\skip59
\mhchem@smallbondwidth@tmpA=\skip60
\mhchem@smallbondwidth@tmpB=\skip61
\mhchem@smallbondwidth=\skip62
\mhchem@bondtmp@minussidebearingleft=\skip63
\mhchem@bondtmp@minussidebearingright=\skip64
\l__mhchem_option_version_int=\count180
\mhchem@option@minusmathsidebearingleft=\dimen147
\mhchem@option@minusmathsidebearingright=\dimen148
\mhchem@option@minustextsidebearingleft=\dimen149
\mhchem@option@minustextsidebearingright=\dimen150
)
(/usr/share/texlive/texmf-dist/tex/latex/amsfonts/amssymb.sty
Package: amssymb 2013/01/14 v3.01 AMS font symbols

(/usr/share/texlive/texmf-dist/tex/latex/amsfonts/amsfonts.sty
Package: amsfonts 2013/01/14 v3.01 Basic AMSFonts support
\symAMSa=\mathgroup4
\symAMSb=\mathgroup5
LaTeX Font Info:    Overwriting math alphabet `\mathfrak' in version `bold'
(Font)                  U/euf/m/n --> U/euf/b/n on input line 106.
))
(/usr/share/texlive/texmf-dist/tex/latex/amscls/amsthm.sty
Package: amsthm 2015/03/04 v2.20.2
\thm@style=\toks20
\thm@bodyfont=\toks21
\thm@headfont=\toks22
\thm@notefont=\toks23
\thm@headpunct=\toks24
\thm@preskip=\skip65
\thm@postskip=\skip66
\thm@headsep=\skip67
\dth@everypar=\toks25
)
(/usr/share/texlive/texmf-dist/tex/latex/setspace/setspace.sty
Package: setspace 2011/12/19 v6.7a set line spacing
)
(/usr/share/texlive/texmf-dist/tex/latex/rotating/rotating.sty
Package: rotating 2009/03/28 v2.16a rotated objects in LaTeX

(/usr/share/texlive/texmf-dist/tex/latex/base/ifthen.sty
Package: ifthen 2014/09/29 v1.1c Standard LaTeX ifthen package (DPC)
)
\c@r@tfl@t=\count181
\rotFPtop=\skip68
\rotFPbot=\skip69
\rot@float@box=\box43
\rot@mess@toks=\toks26
)
(/usr/share/texlive/texmf-dist/tex/latex/subfig/subfig.sty
Package: subfig 2005/06/28 ver: 1.3 subfig package
 (./caption.sty
Package: caption 2006/03/21 v3.0j Customising captions (AR)

(./caption3.sty
Package: caption3 2006/03/16 v3.0j caption3 kernel (AR)
\captionmargin=\dimen151
\captionmarginx=\dimen152
\captionwidth=\dimen153
\captionindent=\dimen154
\captionparindent=\dimen155
\captionhangindent=\dimen156
)
Package caption Info: rotating package v2.0 (or newer) detected on input line 3
79.
)
\c@KVtest=\count182
\sf@farskip=\skip70
\sf@captopadj=\dimen157
\sf@capskip=\skip71
\sf@nearskip=\skip72
\c@subfigure=\count183
\c@subfigure@save=\count184
\c@lofdepth=\count185
\c@subtable=\count186
\c@subtable@save=\count187
\c@lotdepth=\count188
\sf@top=\skip73
\sf@bottom=\skip74
)
(/usr/share/texlive/texmf-dist/tex/latex/appendix/appendix.sty
Package: appendix 2009/09/02 v1.2b extra appendix facilities
\c@@pps=\count189
\c@@ppsavesec=\count190
\c@@ppsaveapp=\count191
)
(/usr/share/texlive/texmf-dist/tex/generic/babel/babel.sty
Package: babel 2016/02/24 3.9q The Babel package

(/usr/share/texlive/texmf-dist/tex/generic/babel-english/english.ldf
Language: english 2012/08/20 v3.3p English support from the babel system

(/usr/share/texlive/texmf-dist/tex/generic/babel/babel.def
File: babel.def 2016/02/24 3.9q Babel common definitions
\babel@savecnt=\count192
\U@D=\dimen158
)
\l@british = a dialect from \language\l@english 
\l@UKenglish = a dialect from \language\l@english 
\l@canadian = a dialect from \language\l@american 
\l@australian = a dialect from \language\l@british 
\l@newzealand = a dialect from \language\l@british 
))
(/usr/share/texlive/texmf-dist/tex/latex/blindtext/blindtext.sty
Package: blindtext 2012/01/06 V2.0 blindtext-Package

(/usr/share/texlive/texmf-dist/tex/latex/tools/xspace.sty
Package: xspace 2014/10/28 v1.13 Space after command names (DPC,MH)
)
\c@blindtext=\count193
\c@Blindtext=\count194
\c@blind@countparstart=\count195
\blind@countxx=\count196
\blindtext@numBlindtext=\count197
\blind@countyy=\count198
\c@blindlist=\count199
\c@blindlistlevel=\count266
\c@blindlist@level=\count267
\blind@listitem=\count268
\c@blind@listcount=\count269
\c@blind@levelcount=\count270
\blind@mathformula=\count271
\blind@Mathformula=\count272
\c@blind@randomcount=\count273
\c@blind@randommax=\count274
\c@blind@pangramcount=\count275
\c@blind@pangrammax=\count276
) (./unh_thesis.sty
\@titlecommittee=\box44
)
(/usr/share/texlive/texmf-dist/tex/latex/pdfpages/pdfpages.sty
Package: pdfpages 2015/09/18 v0.5d Insert pages of external PDF documents (AM)

(/usr/share/texlive/texmf-dist/tex/latex/eso-pic/eso-pic.sty
Package: eso-pic 2015/07/21 v2.0g eso-pic (RN)

(/usr/share/texlive/texmf-dist/tex/generic/oberdiek/atbegshi.sty
Package: atbegshi 2011/10/05 v1.16 At begin shipout hook (HO)

(/usr/share/texlive/texmf-dist/tex/generic/oberdiek/ifpdf.sty
Package: ifpdf 2011/01/30 v2.3 Provides the ifpdf switch (HO)
Package ifpdf Info: pdfTeX in PDF mode is detected.
))
(/usr/share/texlive/texmf-dist/tex/latex/xcolor/xcolor.sty
Package: xcolor 2007/01/21 v2.11 LaTeX color extensions (UK)

(/usr/share/texlive/texmf-dist/tex/latex/latexconfig/color.cfg
File: color.cfg 2007/01/18 v1.5 color configuration of teTeX/TeXLive
)
Package xcolor Info: Driver file: pdftex.def on input line 225.
Package xcolor Info: Model `cmy' substituted by `cmy0' on input line 1337.
Package xcolor Info: Model `hsb' substituted by `rgb' on input line 1341.
Package xcolor Info: Model `RGB' extended on input line 1353.
Package xcolor Info: Model `HTML' substituted by `rgb' on input line 1355.
Package xcolor Info: Model `Hsb' substituted by `hsb' on input line 1356.
Package xcolor Info: Model `tHsb' substituted by `hsb' on input line 1357.
Package xcolor Info: Model `HSB' substituted by `hsb' on input line 1358.
Package xcolor Info: Model `Gray' substituted by `gray' on input line 1359.
Package xcolor Info: Model `wave' substituted by `hsb' on input line 1360.
))
\AM@pagewidth=\dimen159
\AM@pageheight=\dimen160

(/usr/share/texlive/texmf-dist/tex/latex/pdfpages/pppdftex.def
File: pppdftex.def 2015/09/18 v0.5d Pdfpages driver for pdfTeX (AM)
)
\AM@pagebox=\box45
\AM@toc@title=\toks27
\c@AM@survey=\count277
\AM@templatesizebox=\box46
)
(/usr/share/texlive/texmf-dist/tex/latex/esvect/esvect.sty
Package: esvect 
\symesvector=\mathgroup6
)) (./Thesis-UNH.aux
(./frontmatter_template.aux) (./Chapters/Chapter-1.aux)
(./Chapters/Chapter-2.aux) (./Chapters/Chapter-3.aux) (./Chapters/Chapter-4.aux
) (./Chapters/Chapter-5.aux) (./Chapters/Chapter-6.aux)
(./Chapters/Chapter-7.aux) (./Appendices/Appendix-A.aux)
(./Appendices/Appendix-B.aux))
\openout1 = `Thesis-UNH.aux'.

LaTeX Font Info:    Checking defaults for OML/cmm/m/it on input line 36.
LaTeX Font Info:    ... okay on input line 36.
LaTeX Font Info:    Checking defaults for T1/cmr/m/n on input line 36.
LaTeX Font Info:    ... okay on input line 36.
LaTeX Font Info:    Checking defaults for OT1/cmr/m/n on input line 36.
LaTeX Font Info:    ... okay on input line 36.
LaTeX Font Info:    Checking defaults for OMS/cmsy/m/n on input line 36.
LaTeX Font Info:    ... okay on input line 36.
LaTeX Font Info:    Checking defaults for OMX/cmex/m/n on input line 36.
LaTeX Font Info:    ... okay on input line 36.
LaTeX Font Info:    Checking defaults for U/cmr/m/n on input line 36.
LaTeX Font Info:    ... okay on input line 36.

(/usr/share/texlive/texmf-dist/tex/context/base/supp-pdf.mkii
[Loading MPS to PDF converter (version 2006.09.02).]
\scratchcounter=\count278
\scratchdimen=\dimen161
\scratchbox=\box47
\nofMPsegments=\count279
\nofMParguments=\count280
\everyMPshowfont=\toks28
\MPscratchCnt=\count281
\MPscratchDim=\dimen162
\MPnumerator=\count282
\makeMPintoPDFobject=\count283
\everyMPtoPDFconversion=\toks29
) (/usr/share/texlive/texmf-dist/tex/generic/oberdiek/pdftexcmds.sty
Package: pdftexcmds 2011/11/29 v0.20 Utility functions of pdfTeX for LuaTeX (HO
)

(/usr/share/texlive/texmf-dist/tex/generic/oberdiek/ifluatex.sty
Package: ifluatex 2010/03/01 v1.3 Provides the ifluatex switch (HO)
Package ifluatex Info: LuaTeX not detected.
)
Package pdftexcmds Info: LuaTeX not detected.
Package pdftexcmds Info: \pdf@primitive is available.
Package pdftexcmds Info: \pdf@ifprimitive is available.
Package pdftexcmds Info: \pdfdraftmode found.
)
(/usr/share/texlive/texmf-dist/tex/latex/oberdiek/epstopdf-base.sty
Package: epstopdf-base 2010/02/09 v2.5 Base part for package epstopdf

(/usr/share/texlive/texmf-dist/tex/latex/oberdiek/grfext.sty
Package: grfext 2010/08/19 v1.1 Manage graphics extensions (HO)

(/usr/share/texlive/texmf-dist/tex/generic/oberdiek/kvdefinekeys.sty
Package: kvdefinekeys 2011/04/07 v1.3 Define keys (HO)
))
(/usr/share/texlive/texmf-dist/tex/latex/oberdiek/kvoptions.sty
Package: kvoptions 2011/06/30 v3.11 Key value format for package options (HO)

(/usr/share/texlive/texmf-dist/tex/generic/oberdiek/kvsetkeys.sty
Package: kvsetkeys 2012/04/25 v1.16 Key value parser (HO)

(/usr/share/texlive/texmf-dist/tex/generic/oberdiek/etexcmds.sty
Package: etexcmds 2011/02/16 v1.5 Avoid name clashes with e-TeX commands (HO)
Package etexcmds Info: Could not find \expanded.
(etexcmds)             That can mean that you are not using pdfTeX 1.50 or
(etexcmds)             that some package has redefined \expanded.
(etexcmds)             In the latter case, load this package earlier.
)))
Package grfext Info: Graphics extension search list:
(grfext)             [.png,.pdf,.jpg,.mps,.jpeg,.jbig2,.jb2,.PNG,.PDF,.JPG,.JPE
G,.JBIG2,.JB2,.eps]
(grfext)             \AppendGraphicsExtensions on input line 452.

(/usr/share/texlive/texmf-dist/tex/latex/latexconfig/epstopdf-sys.cfg
File: epstopdf-sys.cfg 2010/07/13 v1.3 Configuration of (r)epstopdf for TeX Liv
e
))
.................................................
. chemgreek info: "mapping-activated"
. 
. Activating mapping `default' on line 36.
.................................................

(/usr/share/texlive/texmf-dist/tex/latex/ms/ragged2e.sty
Package: ragged2e 2009/05/21 v2.1 ragged2e Package (MS)

(/usr/share/texlive/texmf-dist/tex/latex/ms/everysel.sty
Package: everysel 2011/10/28 v1.2 EverySelectfont Package (MS)

ABD: EverySelectfont initializing macros
LaTeX Info: Redefining \selectfont on input line 126.
)
\CenteringLeftskip=\skip75
\RaggedLeftLeftskip=\skip76
\RaggedRightLeftskip=\skip77
\CenteringRightskip=\skip78
\RaggedLeftRightskip=\skip79
\RaggedRightRightskip=\skip80
\CenteringParfillskip=\skip81
\RaggedLeftParfillskip=\skip82
\RaggedRightParfillskip=\skip83
\JustifyingParfillskip=\skip84
\CenteringParindent=\skip85
\RaggedLeftParindent=\skip86
\RaggedRightParindent=\skip87
\JustifyingParindent=\skip88
)
\AtBeginShipoutBox=\box48

(/usr/share/texlive/texmf-dist/tex/latex/oberdiek/pdflscape.sty
Package: pdflscape 2008/08/11 v0.10 Display of landscape pages in PDF (HO)

(/usr/share/texlive/texmf-dist/tex/latex/graphics/lscape.sty
Package: lscape 2000/10/22 v3.01 Landscape Pages (DPC)
)
Package pdflscape Info: Auto-detected driver: pdftex on input line 80.

(/usr/share/texlive/texmf-dist/tex/generic/ifxetex/ifxetex.sty
Package: ifxetex 2010/09/12 v0.6 Provides ifxetex conditional
))
\openout2 = `frontmatter_template.aux'.


(./frontmatter_template.tex [1


{/var/lib/texmf/fonts/map/pdftex/updmap/pdftex.map}]
Overfull \vbox (36.135pt too high) has occurred while \output is active []


[2] [3

]
LaTeX Font Info:    Try loading font information for OMS+cmr on input line 49.
 (/usr/share/texlive/texmf-dist/tex/latex/base/omscmr.fd
File: omscmr.fd 2014/09/29 v2.5h Standard LaTeX font definitions
)
LaTeX Font Info:    Font shape `OMS/cmr/m/n' in size <12> not available
(Font)              Font shape `OMS/cmsy/m/n' tried instead on input line 49.
 [4

]
(./Thesis-UNH.toc
LaTeX Font Info:    Try loading font information for U+msa on input line 1.
 (/usr/share/texlive/texmf-dist/tex/latex/amsfonts/umsa.fd
File: umsa.fd 2013/01/14 v3.01 AMS symbols A
)
LaTeX Font Info:    Try loading font information for U+msb on input line 1.

(/usr/share/texlive/texmf-dist/tex/latex/amsfonts/umsb.fd
File: umsb.fd 2013/01/14 v3.01 AMS symbols B
)
LaTeX Font Info:    Try loading font information for U+esvect on input line 1.

(/usr/share/texlive/texmf-dist/tex/latex/esvect/uesvect.fd
File: uesvect.fd 
) [5

] [6]

LaTeX Font Warning: Font shape `OT1/cmr/bx/sc' undefined
(Font)              using `OT1/cmr/bx/n' instead on input line 55.

[7])
\tf@toc=\write3
\openout3 = `Thesis-UNH.toc'.

 [8] (./Thesis-UNH.lof [9

] [10] [11] [12])
\tf@lof=\write4
\openout4 = `Thesis-UNH.lof'.

 [13]
Overfull \hbox (1.62308pt too wide) in paragraph at lines 95--99
\OT1/cmr/m/n/12 graphene. Scan-ning Tun-nel-ing Mi-croscopy (STM) in-ves-ti-ga-
tions of the poly-mor-phic graphene
 []

[14] [15])
\openout2 = `./Chapters/Chapter-1.aux'.

 (./Chapters/Chapter-1.tex
Chapter 1.

Overfull \hbox (2.9776pt too wide) in paragraph at lines 12--13
[]\OT1/cmr/m/n/12 My doc-toral work fo-cuses on the study and anal-y-sis of ma-
te-rial prop-er-ties at the nanoscale.
 []

[1



] [2] [3] [4] <figs/oled.jpg, id=72, 252.945pt x 195.8517pt>
File: figs/oled.jpg Graphic file (type jpg)

<use figs/oled.jpg>
Package pdftex.def Info: figs/oled.jpg used on input line 41.
(pdftex.def)             Requested size: 252.94438pt x 195.85121pt.
 [5] [6 <./figs/oled.jpg>] [7] [8]
<figs/hexagonswithlength.jpg, id=85, 505.89pt x 361.35pt>
File: figs/hexagonswithlength.jpg Graphic file (type jpg)

<use figs/hexagonswithlength.jpg>
Package pdftex.def Info: figs/hexagonswithlength.jpg used on input line 82.
(pdftex.def)             Requested size: 505.88875pt x 361.34912pt.

Overfull \hbox (36.13376pt too wide) in paragraph at lines 82--86
 [][] 
 []

[9] [10 <./figs/hexagonswithlength.jpg>] [11] [12] [13] [14] [15] [16] [17]
[18]) [19]
\openout2 = `./Chapters/Chapter-2.aux'.

 (./Chapters/Chapter-2.tex
Chapter 2.
[20



] [21] [22] [23] <figs/graphene-unit-cell.png, id=135, 867.24pt x 867.24pt>
File: figs/graphene-unit-cell.png Graphic file (type png)

<use figs/graphene-unit-cell.png>
Package pdftex.def Info: figs/graphene-unit-cell.png used on input line 34.
(pdftex.def)             Requested size: 563.69934pt x 563.69934pt.

Overfull \hbox (93.94435pt too wide) in paragraph at lines 34--39
 [][] 
 []

<figs/graphene-reciprocal-lattice.png, id=137, 867.24pt x 867.24pt>
File: figs/graphene-reciprocal-lattice.png Graphic file (type png)

<use figs/graphene-reciprocal-lattice.png>
Package pdftex.def Info: figs/graphene-reciprocal-lattice.png used on input lin
e 46.
(pdftex.def)             Requested size: 520.34802pt x 520.34802pt.

Overfull \hbox (50.59303pt too wide) in paragraph at lines 46--50
 [][] 
 []

[24] [25 <./figs/graphene-unit-cell.png>] [26 <./figs/graphene-reciprocal-latti
ce.png>] [27] [28] [29] [30] [31] [32] [33]
<figs/Graphene-Dispersion.png, id=175, 1195.46625pt x 692.5875pt>
File: figs/Graphene-Dispersion.png Graphic file (type png)

<use figs/Graphene-Dispersion.png>
Package pdftex.def Info: figs/Graphene-Dispersion.png used on input line 140.
(pdftex.def)             Requested size: 537.95485pt x 311.66148pt.

Overfull \hbox (68.19986pt too wide) in paragraph at lines 140--144
 [][] 
 []

[34] [35 <./figs/Graphene-Dispersion.png>] [36] [37] [38] [39] [40] [41]
[42]) [43]
\openout2 = `./Chapters/Chapter-3.aux'.

 (./Chapters/Chapter-3.tex
Chapter 3.

Overfull \hbox (10.8908pt too wide) in paragraph at lines 7--7
[]\OT1/cmr/bx/n/17.28 Low En-ergy Elec-trons - Ideal Sur-face Sci-ence Probes 
 []

<figs/universalcurve.png, id=211, 1299.85625pt x 797.98125pt>
File: figs/universalcurve.png Graphic file (type png)

<use figs/universalcurve.png>
Package pdftex.def Info: figs/universalcurve.png used on input line 11.
(pdftex.def)             Requested size: 454.95651pt x 279.29762pt.
 [44



] [45 <./figs/universalcurve.png>] [46]
[47] [48] [49] [50] <figs/LEEMGeo.png, id=236, 285.2256pt x 345.4506pt>
File: figs/LEEMGeo.png Graphic file (type png)

<use figs/LEEMGeo.png>
Package pdftex.def Info: figs/LEEMGeo.png used on input line 73.
(pdftex.def)             Requested size: 285.22488pt x 345.44975pt.
 [51] [52 <./figs/LEEMGeo.png>] [53] [54] [55] [56]
[57] [58] [59] [60] <figs/auger-ru.png, id=271, 1112.65688pt x 785.18344pt>
File: figs/auger-ru.png Graphic file (type png)

<use figs/auger-ru.png>
Package pdftex.def Info: figs/auger-ru.png used on input line 151.
(pdftex.def)             Requested size: 500.69098pt x 353.32928pt.

Overfull \hbox (30.93599pt too wide) in paragraph at lines 151--154
[][] 
 []

) [61] [62 <./figs/auger-ru.png>]
\openout2 = `./Chapters/Chapter-4.aux'.

 (./Chapters/Chapter-4.tex
Chapter 4.
<./figs/ru-stm-clean.png, id=279, 783.92876pt x 758.835pt>
File: ./figs/ru-stm-clean.png Graphic file (type png)

<use ./figs/ru-stm-clean.png>
Package pdftex.def Info: ./figs/ru-stm-clean.png used on input line 12.
(pdftex.def)             Requested size: 391.96342pt x 379.41658pt.
 [63



] [64 <./figs/ru-stm-clean.png>] [65]
<./figs/graphene-ruthenium-leed.png, id=290, 2089.8075pt x 2071.74pt>
File: ./figs/graphene-ruthenium-leed.png Graphic file (type png)

<use ./figs/graphene-ruthenium-leed.png>
Package pdftex.def Info: ./figs/graphene-ruthenium-leed.png used on input line 
29.
(pdftex.def)             Requested size: 417.9541pt x 414.34067pt.
 [66] [67 <./figs/graphene-ruthenium-leed.png>] <./figs/graphene-ruthenium-stm.
png, id=298, 658.46pt x 562.1pt>
File: ./figs/graphene-ruthenium-stm.png Graphic file (type png)

<use ./figs/graphene-ruthenium-stm.png>
Package pdftex.def Info: ./figs/graphene-ruthenium-stm.png used on input line 4
7.
(pdftex.def)             Requested size: 460.91887pt x 393.46732pt.
 [68] [69 <./figs/graphene-ruthenium-stm.png>] <./figs/atomic-graphene.png, id=
305, 667.48572pt x 397.485pt>
File: ./figs/atomic-graphene.png Graphic file (type png)

<use ./figs/atomic-graphene.png>
Package pdftex.def Info: ./figs/atomic-graphene.png used on input line 58.
(pdftex.def)             Requested size: 467.23682pt x 278.2376pt.
 [70 <./figs/atomic-graphene.png>] [71]
<./figs/graphene-hydro-leed.png, id=313, 1855.93375pt x 1746.525pt>
File: ./figs/graphene-hydro-leed.png Graphic file (type png)

<use ./figs/graphene-hydro-leed.png>
Package pdftex.def Info: ./figs/graphene-hydro-leed.png used on input line 79.
(pdftex.def)             Requested size: 371.18018pt x 349.29881pt.
 [72] [73 <./figs/graphene-hydro-leed.png>] <./figs/moires.jpg, id=321, 430.608
75pt x 445.665pt>
File: ./figs/moires.jpg Graphic file (type jpg)
 <use ./figs/moires.jpg>
Package pdftex.def Info: ./figs/moires.jpg used on input line 94.
(pdftex.def)             Requested size: 322.95575pt x 334.24792pt.

[74] [75 <./figs/moires.jpg>]
<./figs/unit-cell-plot.png, id=328, 688.4922pt x 456.7464pt>
File: ./figs/unit-cell-plot.png Graphic file (type png)

<use ./figs/unit-cell-plot.png>
Package pdftex.def Info: ./figs/unit-cell-plot.png used on input line 107.
(pdftex.def)             Requested size: 516.36789pt x 342.55896pt.

Overfull \hbox (46.6129pt too wide) in paragraph at lines 107--110
 [][] 
 []

[76] [77 <./figs/unit-cell-plot.png>]
<./figs/half-integer-structures.png, id=337, 704.6325pt x 356.33125pt>
File: ./figs/half-integer-structures.png Graphic file (type png)

<use ./figs/half-integer-structures.png>
Package pdftex.def Info: ./figs/half-integer-structures.png used on input line 
120.
(pdftex.def)             Requested size: 528.4731pt x 267.24777pt.

Overfull \hbox (58.71811pt too wide) in paragraph at lines 120--123
 [][] 
 []

[78] [79 <./figs/half-integer-structures.png>] [80] [81] [82] [83]) [84]
\openout2 = `./Chapters/Chapter-5.aux'.


(./Chapters/Chapter-5.tex
Chapter 5.
[85



] <./figs/LEEM-islands.jpg, id=365, 594.22pt x 602.25pt>
File: ./figs/LEEM-islands.jpg Graphic file (type jpg)

<use ./figs/LEEM-islands.jpg>
Package pdftex.def Info: ./figs/LEEM-islands.jpg used on input line 14.
(pdftex.def)             Requested size: 445.66391pt x 451.68639pt.

<./figs/mLEED1.png, id=366, 427.8384pt x 433.62pt>
File: ./figs/mLEED1.png Graphic file (type png)
 <use ./figs/mLEED1.png>
Package pdftex.def Info: ./figs/mLEED1.png used on input line 26.
(pdftex.def)             Requested size: 213.91867pt x 216.80946pt.

<./figs/mLEED2.png, id=367, 427.8384pt x 433.62pt>
File: ./figs/mLEED2.png Graphic file (type png)
 <use ./figs/mLEED2.png>
Package pdftex.def Info: ./figs/mLEED2.png used on input line 30.
(pdftex.def)             Requested size: 213.91867pt x 216.80946pt.

<./figs/mLEED3.png, id=368, 427.8384pt x 433.62pt>
File: ./figs/mLEED3.png Graphic file (type png)
 <use ./figs/mLEED3.png>
Package pdftex.def Info: ./figs/mLEED3.png used on input line 34.
(pdftex.def)             Requested size: 213.91867pt x 216.80946pt.

<./figs/mLEED4.png, id=369, 427.8384pt x 433.62pt>
File: ./figs/mLEED4.png Graphic file (type png)
 <use ./figs/mLEED4.png>
Package pdftex.def Info: ./figs/mLEED4.png used on input line 39.
(pdftex.def)             Requested size: 213.91867pt x 216.80946pt.

[86] [87 <./figs/LEEM-islands.jpg>] [88 <./figs/mLEED1.png> <./figs/mLEED2.png>
 <./figs/mLEED3.png> <./figs/mLEED4.png>]
<./figs/IVDiagram.png, id=386, 817.6146pt x 282.8166pt>
File: ./figs/IVDiagram.png Graphic file (type png)

<use ./figs/IVDiagram.png>
Package pdftex.def Info: ./figs/IVDiagram.png used on input line 52.
(pdftex.def)             Requested size: 449.6894pt x 155.5496pt.
 [89] [90 <./figs/IVDiagram.png>] [91]
<./figs/threeplots.png, id=397, 2107.875pt x 3412.75pt>
File: ./figs/threeplots.png Graphic file (type png)

<use ./figs/threeplots.png>
Package pdftex.def Info: ./figs/threeplots.png used on input line 70.
(pdftex.def)             Requested size: 379.40114pt x 614.26851pt.


LaTeX Warning: Float too large for page by 18.3385pt on input line 73.

<./figs/2dips-2locations.png, id=398, 2017.5375pt x 1105.12875pt>
File: ./figs/2dips-2locations.png Graphic file (type png)

<use ./figs/2dips-2locations.png>
Package pdftex.def Info: ./figs/2dips-2locations.png used on input line 80.
(pdftex.def)             Requested size: 504.38315pt x 276.28151pt.

Overfull \hbox (34.62816pt too wide) in paragraph at lines 80--81
 [][] 
 []

[92] [93 <./figs/threeplots.png>] [94 <./figs/2dips-2locations.png>] [95]
<./figs/extraLEED.jpeg, id=414, 594.22pt x 602.25pt>
File: ./figs/extraLEED.jpeg Graphic file (type jpg)

<use ./figs/extraLEED.jpeg>
Package pdftex.def Info: ./figs/extraLEED.jpeg used on input line 93.
(pdftex.def)             Requested size: 297.10927pt x 301.12425pt.
 [96 <./figs/extraLEED.jpeg>] [97]
<./figs/LEEM-V1.jpg, id=421, 3392.675pt x 1868.9825pt>
File: ./figs/LEEM-V1.jpg Graphic file (type jpg)

<use ./figs/LEEM-V1.jpg>
Package pdftex.def Info: ./figs/LEEM-V1.jpg used on input line 111.
(pdftex.def)             Requested size: 508.8793pt x 280.33528pt.

Overfull \hbox (39.12431pt too wide) in paragraph at lines 111--114
 [][] 
 []

<./figs/Si(111)7x7.png, id=422, 1027.84pt x 1027.84pt>
File: ./figs/Si(111)7x7.png Graphic file (type png)

<use ./figs/Si(111)7x7.png>
Package pdftex.def Info: ./figs/Si(111)7x7.png used on input line 122.
(pdftex.def)             Requested size: 226.12549pt x 226.12549pt.

<./figs/Si(111)1x1.png, id=423, 1027.84pt x 1027.84pt>
File: ./figs/Si(111)1x1.png Graphic file (type png)

<use ./figs/Si(111)1x1.png>
Package pdftex.def Info: ./figs/Si(111)1x1.png used on input line 126.
(pdftex.def)             Requested size: 226.12549pt x 226.12549pt.
 [98] [99 <./figs/LEEM-V1.jpg>]
<./figs/LEEM-Ru-Before-After-150.png, id=430, 457.71pt x 198.5016pt>
File: ./figs/LEEM-Ru-Before-After-150.png Graphic file (type png)

<use ./figs/LEEM-Ru-Before-After-150.png>
Package pdftex.def Info: ./figs/LEEM-Ru-Before-After-150.png used on input line
 137.
(pdftex.def)             Requested size: 457.7089pt x 198.50111pt.
 [100 <./figs/Si(111)7x7.png (PNG copy)> <./figs/Si(111)1x1.png (PNG copy)>] [1
01 <./figs/LEEM-Ru-Before-After-150.png (PNG copy)>] [102] [103] <./figs/PEEM-7
3.png, id=445, 1027.84pt x 1027.84pt>
File: ./figs/PEEM-73.png Graphic file (type png)

<use ./figs/PEEM-73.png>
Package pdftex.def Info: ./figs/PEEM-73.png used on input line 163.
(pdftex.def)             Requested size: 226.12549pt x 226.12549pt.
 <./figs/PEEM-75.png, id=446, 1027.84pt x 1027.84pt>
File: ./figs/PEEM-75.png Graphic file (type png)

<use ./figs/PEEM-75.png>
Package pdftex.def Info: ./figs/PEEM-75.png used on input line 167.
(pdftex.def)             Requested size: 226.12549pt x 226.12549pt.
 <./figs/PEEM-85.png, id=447, 1027.84pt x 1027.84pt>
File: ./figs/PEEM-85.png Graphic file (type png)

<use ./figs/PEEM-85.png>
Package pdftex.def Info: ./figs/PEEM-85.png used on input line 171.
(pdftex.def)             Requested size: 226.12549pt x 226.12549pt.
 <./figs/PEEM-104.png, id=448, 1027.84pt x 1027.84pt>
File: ./figs/PEEM-104.png Graphic file (type png)

<use ./figs/PEEM-104.png>
Package pdftex.def Info: ./figs/PEEM-104.png used on input line 175.
(pdftex.def)             Requested size: 226.12549pt x 226.12549pt.
 [104] [105 <./figs/PEEM-73.png (PNG copy)> <./figs/PEEM-75.png (PNG copy)> <./
figs/PEEM-85.png (PNG copy)> <./figs/PEEM-104.png (PNG copy)>] [106]
<./figs/LEEM-three-islands-with-H.png, id=459, 462.528pt x 346.896pt>
File: ./figs/LEEM-three-islands-with-H.png Graphic file (type png)

<use ./figs/LEEM-three-islands-with-H.png>
Package pdftex.def Info: ./figs/LEEM-three-islands-with-H.png used on input lin
e 191.
(pdftex.def)             Requested size: 462.52686pt x 346.89514pt.
 [107] [108 <./figs/LEEM-three-islands-with-H.png>] [109]
<./figs/Clean-Ru(0001)-LEEM-IV-2.png, id=470, 2320.67pt x 1034.86626pt>
File: ./figs/Clean-Ru(0001)-LEEM-IV-2.png Graphic file (type png)

<use ./figs/Clean-Ru(0001)-LEEM-IV-2.png>
Package pdftex.def Info: ./figs/Clean-Ru(0001)-LEEM-IV-2.png used on input line
 209.
(pdftex.def)             Requested size: 348.08548pt x 155.22324pt.

<./figs/SLG-LEEM-IV-2.png, id=471, 2314.6475pt x 1034.86626pt>
File: ./figs/SLG-LEEM-IV-2.png Graphic file (type png)

<use ./figs/SLG-LEEM-IV-2.png>
Package pdftex.def Info: ./figs/SLG-LEEM-IV-2.png used on input line 213.
(pdftex.def)             Requested size: 347.18214pt x 155.22324pt.

<./figs/BLG-LEEM-IV-2.png, id=472, 2306.6175pt x 1031.855pt>
File: ./figs/BLG-LEEM-IV-2.png Graphic file (type png)

<use ./figs/BLG-LEEM-IV-2.png>
Package pdftex.def Info: ./figs/BLG-LEEM-IV-2.png used on input line 217.
(pdftex.def)             Requested size: 345.97769pt x 154.77156pt.
) [110] [111 <./figs/Clean-Ru(0001)-LEEM-IV-2.png> <./figs/SLG-LEEM-IV-2.png> <
./figs/BLG-LEEM-IV-2.png>]
\openout2 = `./Chapters/Chapter-6.aux'.


(./Chapters/Chapter-6.tex
Chapter 6.
[112



] [113] [114]
<./figs/BulkMoS2-LEED-IV-150.png, id=492, 998.2896pt x 442.7742pt>
File: ./figs/BulkMoS2-LEED-IV-150.png Graphic file (type png)

<use ./figs/BulkMoS2-LEED-IV-150.png>
Package pdftex.def Info: ./figs/BulkMoS2-LEED-IV-150.png used on input line 25.

(pdftex.def)             Requested size: 449.22617pt x 199.24654pt.
 [115 <./figs/BulkMoS2-LEED-IV-150.png>]
[116]) [117] [118]
\openout2 = `./Chapters/Chapter-7.aux'.

 (./Chapters/Chapter-7.tex
Chapter 7.
[119



] [120] [121] [122] [123] [124]) [125] [126


]
\openout2 = `./Appendices/Appendix-A.aux'.

 (./Appendices/Appendix-A.tex
\sc Appendix A.
[127


] [128] <figs/LEEM-IV150.png, id=538, 1019.4888pt x 578.6418pt>
File: figs/LEEM-IV150.png Graphic file (type png)

<use figs/LEEM-IV150.png>
Package pdftex.def Info: figs/LEEM-IV150.png used on input line 42.
(pdftex.def)             Requested size: 428.18237pt x 243.0279pt.

<figs/PLEASE-LEED-IV150.png, id=539, 1019.4888pt x 578.6418pt>
File: figs/PLEASE-LEED-IV150.png Graphic file (type png)

<use figs/PLEASE-LEED-IV150.png>
Package pdftex.def Info: figs/PLEASE-LEED-IV150.png used on input line 51.
(pdftex.def)             Requested size: 428.18237pt x 243.0279pt.
 [129 <./figs/LEEM-IV150.png>] [130 <./figs/PLEASE-LEED-IV150.png>] [131]
<./figs/LEED-AutoBackground150.png, id=552, 1019.4888pt x 578.6418pt>
File: ./figs/LEED-AutoBackground150.png Graphic file (type png)

<use ./figs/LEED-AutoBackground150.png>
Package pdftex.def Info: ./figs/LEED-AutoBackground150.png used on input line 9
4.
(pdftex.def)             Requested size: 509.74315pt x 289.32019pt.

Overfull \hbox (39.98816pt too wide) in paragraph at lines 94--97
 [][] 
 []

[132 <./figs/LEED-AutoBackground150.png>]
<./figs/PLEASE-old-new-150.png, id=557, 1019.4888pt x 1204.5pt>
File: ./figs/PLEASE-old-new-150.png Graphic file (type png)

<use ./figs/PLEASE-old-new-150.png>
Package pdftex.def Info: ./figs/PLEASE-old-new-150.png used on input line 123.
(pdftex.def)             Requested size: 428.18237pt x 505.88655pt.
 [133] [134 <./figs/PLEASE-old-new-150.png>] [135] [136]) [137]
\openout2 = `./Appendices/Appendix-B.aux'.

 (./Appendices/Appendix-B.tex
\sc Appendix B.
<./Appendices/MoS2-Background.pdf, id=576, 614.295pt x 794.97pt>
File: ./Appendices/MoS2-Background.pdf Graphic file (type pdf)

<use ./Appendices/MoS2-Background.pdf>
Package pdftex.def Info: ./Appendices/MoS2-Background.pdf used on input line 4.

(pdftex.def)             Requested size: 614.29349pt x 794.96806pt.
File: ./Appendices/MoS2-Background.pdf Graphic file (type pdf)
 <use ./Appendices/MoS2-Background.pdf>
Package pdftex.def Info: ./Appendices/MoS2-Background.pdf used on input line 4.

(pdftex.def)             Requested size: 614.29349pt x 794.96806pt.

<./Appendices/MoS2-Background.pdf, id=579, page=1, 614.295pt x 794.97pt>
File: ./Appendices/MoS2-Background.pdf Graphic file (type pdf)

<use ./Appendices/MoS2-Background.pdf, page 1>
Package pdftex.def Info: ./Appendices/MoS2-Background.pdf, page1 used on input 
line 4.
(pdftex.def)             Requested size: 614.29349pt x 794.96806pt.
File: ./Appendices/MoS2-Background.pdf Graphic file (type pdf)

<use ./Appendices/MoS2-Background.pdf, page 1>
Package pdftex.def Info: ./Appendices/MoS2-Background.pdf, page1 used on input 
line 4.
(pdftex.def)             Requested size: 614.58406pt x 795.3441pt.
 [138



]
File: ./Appendices/MoS2-Background.pdf Graphic file (type pdf)

<use ./Appendices/MoS2-Background.pdf, page 1>
Package pdftex.def Info: ./Appendices/MoS2-Background.pdf, page1 used on input 
line 4.
(pdftex.def)             Requested size: 614.58406pt x 795.3441pt.
File: ./Appendices/MoS2-Background.pdf Graphic file (type pdf)

<use ./Appendices/MoS2-Background.pdf, page 1>
Package pdftex.def Info: ./Appendices/MoS2-Background.pdf, page1 used on input 
line 4.
(pdftex.def)             Requested size: 614.58406pt x 795.3441pt.
File: ./Appendices/MoS2-Background.pdf Graphic file (type pdf)

<use ./Appendices/MoS2-Background.pdf, page 1>
Package pdftex.def Info: ./Appendices/MoS2-Background.pdf, page1 used on input 
line 4.
(pdftex.def)             Requested size: 614.58406pt x 795.3441pt.
 [139 <./Appendices/MoS2-Background.pdf>]
<./Appendices/MoS2-Background.pdf, id=609, page=2, 614.295pt x 794.97pt>
File: ./Appendices/MoS2-Background.pdf Graphic file (type pdf)

<use ./Appendices/MoS2-Background.pdf, page 2>
Package pdftex.def Info: ./Appendices/MoS2-Background.pdf, page2 used on input 
line 4.
(pdftex.def)             Requested size: 614.58406pt x 795.3441pt.
File: ./Appendices/MoS2-Background.pdf Graphic file (type pdf)

<use ./Appendices/MoS2-Background.pdf, page 2>
Package pdftex.def Info: ./Appendices/MoS2-Background.pdf, page2 used on input 
line 4.
(pdftex.def)             Requested size: 614.58406pt x 795.3441pt.
File: ./Appendices/MoS2-Background.pdf Graphic file (type pdf)

<use ./Appendices/MoS2-Background.pdf, page 2>
Package pdftex.def Info: ./Appendices/MoS2-Background.pdf, page2 used on input 
line 4.
(pdftex.def)             Requested size: 614.58406pt x 795.3441pt.
 [140 <./Appendices/MoS2-Background.pdf>]
<./Appendices/MoS2-Background.pdf, id=622, page=3, 614.295pt x 794.97pt>
File: ./Appendices/MoS2-Background.pdf Graphic file (type pdf)

<use ./Appendices/MoS2-Background.pdf, page 3>
Package pdftex.def Info: ./Appendices/MoS2-Background.pdf, page3 used on input 
line 4.
(pdftex.def)             Requested size: 614.58406pt x 795.3441pt.
File: ./Appendices/MoS2-Background.pdf Graphic file (type pdf)

<use ./Appendices/MoS2-Background.pdf, page 3>
Package pdftex.def Info: ./Appendices/MoS2-Background.pdf, page3 used on input 
line 4.
(pdftex.def)             Requested size: 614.58406pt x 795.3441pt.
File: ./Appendices/MoS2-Background.pdf Graphic file (type pdf)

<use ./Appendices/MoS2-Background.pdf, page 3>
Package pdftex.def Info: ./Appendices/MoS2-Background.pdf, page3 used on input 
line 4.
(pdftex.def)             Requested size: 614.58406pt x 795.3441pt.
 [141 <./Appendices/MoS2-Background.pdf>]
<./Appendices/MoS2-Background.pdf, id=628, page=4, 614.295pt x 794.97pt>
File: ./Appendices/MoS2-Background.pdf Graphic file (type pdf)

<use ./Appendices/MoS2-Background.pdf, page 4>
Package pdftex.def Info: ./Appendices/MoS2-Background.pdf, page4 used on input 
line 4.
(pdftex.def)             Requested size: 614.58406pt x 795.3441pt.
File: ./Appendices/MoS2-Background.pdf Graphic file (type pdf)

<use ./Appendices/MoS2-Background.pdf, page 4>
Package pdftex.def Info: ./Appendices/MoS2-Background.pdf, page4 used on input 
line 4.
(pdftex.def)             Requested size: 614.58406pt x 795.3441pt.
File: ./Appendices/MoS2-Background.pdf Graphic file (type pdf)

<use ./Appendices/MoS2-Background.pdf, page 4>
Package pdftex.def Info: ./Appendices/MoS2-Background.pdf, page4 used on input 
line 4.
(pdftex.def)             Requested size: 614.58406pt x 795.3441pt.
 [142 <./Appendices/MoS2-Background.pdf>]
<./Appendices/MoS2-Background.pdf, id=635, page=5, 614.295pt x 794.97pt>
File: ./Appendices/MoS2-Background.pdf Graphic file (type pdf)

<use ./Appendices/MoS2-Background.pdf, page 5>
Package pdftex.def Info: ./Appendices/MoS2-Background.pdf, page5 used on input 
line 4.
(pdftex.def)             Requested size: 614.58406pt x 795.3441pt.
File: ./Appendices/MoS2-Background.pdf Graphic file (type pdf)

<use ./Appendices/MoS2-Background.pdf, page 5>
Package pdftex.def Info: ./Appendices/MoS2-Background.pdf, page5 used on input 
line 4.
(pdftex.def)             Requested size: 614.58406pt x 795.3441pt.
File: ./Appendices/MoS2-Background.pdf Graphic file (type pdf)

<use ./Appendices/MoS2-Background.pdf, page 5>
Package pdftex.def Info: ./Appendices/MoS2-Background.pdf, page5 used on input 
line 4.
(pdftex.def)             Requested size: 614.58406pt x 795.3441pt.
 [143 <./Appendices/MoS2-Background.pdf>]
<./Appendices/MoS2-Background.pdf, id=641, page=6, 614.295pt x 794.97pt>
File: ./Appendices/MoS2-Background.pdf Graphic file (type pdf)

<use ./Appendices/MoS2-Background.pdf, page 6>
Package pdftex.def Info: ./Appendices/MoS2-Background.pdf, page6 used on input 
line 4.
(pdftex.def)             Requested size: 614.58406pt x 795.3441pt.
File: ./Appendices/MoS2-Background.pdf Graphic file (type pdf)

<use ./Appendices/MoS2-Background.pdf, page 6>
Package pdftex.def Info: ./Appendices/MoS2-Background.pdf, page6 used on input 
line 4.
(pdftex.def)             Requested size: 614.58406pt x 795.3441pt.
File: ./Appendices/MoS2-Background.pdf Graphic file (type pdf)

<use ./Appendices/MoS2-Background.pdf, page 6>
Package pdftex.def Info: ./Appendices/MoS2-Background.pdf, page6 used on input 
line 4.
(pdftex.def)             Requested size: 614.58406pt x 795.3441pt.
 [144 <./Appendices/MoS2-Background.pdf>]
<./Appendices/MoS2-Background.pdf, id=647, page=7, 614.295pt x 794.97pt>
File: ./Appendices/MoS2-Background.pdf Graphic file (type pdf)

<use ./Appendices/MoS2-Background.pdf, page 7>
Package pdftex.def Info: ./Appendices/MoS2-Background.pdf, page7 used on input 
line 4.
(pdftex.def)             Requested size: 614.58406pt x 795.3441pt.
File: ./Appendices/MoS2-Background.pdf Graphic file (type pdf)

<use ./Appendices/MoS2-Background.pdf, page 7>
Package pdftex.def Info: ./Appendices/MoS2-Background.pdf, page7 used on input 
line 4.
(pdftex.def)             Requested size: 614.58406pt x 795.3441pt.
File: ./Appendices/MoS2-Background.pdf Graphic file (type pdf)

<use ./Appendices/MoS2-Background.pdf, page 7>
Package pdftex.def Info: ./Appendices/MoS2-Background.pdf, page7 used on input 
line 4.
(pdftex.def)             Requested size: 614.58406pt x 795.3441pt.
 [145 <./Appendices/MoS2-Background.pdf>]) (./Thesis-UNH.bbl
Underfull \hbox (badness 10000) in paragraph at lines 66--72
[]\OT1/cmr/m/n/12 Peter Bright.  In-tel re-tires ``tick-tock'' de-vel-op-ment m
odel, ex-
 []


Underfull \hbox (badness 10000) in paragraph at lines 66--72
\OT1/cmr/m/n/12 tend-ing the life of each pro-cess [on-line].  March 2016.
 []


Underfull \hbox (badness 10000) in paragraph at lines 66--72
\OT1/cmr/m/n/12 URL: $\OT1/cmtt/m/n/12 http : / / arstechnica . com / informati
on-[]technology / 2016 / 03 /
 []


Overfull \hbox (38.63663pt too wide) in paragraph at lines 66--72
\OT1/cmtt/m/n/12 intel-[]retires-[]tick-[]tock-[]development-[]model-[]extendin
g-[]the-[]life-[]of-[]each-[]process/$\OT1/cmr/m/n/12 . 
 []

[146


] [147] [148] [149] [150] [151]) [152] (./Thesis-UNH.aux
(./frontmatter_template.aux) (./Chapters/Chapter-1.aux)
(./Chapters/Chapter-2.aux) (./Chapters/Chapter-3.aux) (./Chapters/Chapter-4.aux
) (./Chapters/Chapter-5.aux) (./Chapters/Chapter-6.aux)
(./Chapters/Chapter-7.aux) (./Appendices/Appendix-A.aux)
(./Appendices/Appendix-B.aux))

LaTeX Font Warning: Some font shapes were not available, defaults substituted.


LaTeX Warning: Label(s) may have changed. Rerun to get cross-references right.

 )
(\end occurred inside a group at level 1)

### semi simple group (level 1) entered at line 43 (\begingroup)
### bottom level 
Here is how much of TeX's memory you used:
 14566 strings out of 494953
 269243 string characters out of 6180977
 344684 words of memory out of 5000000
 17526 multiletter control sequences out of 15000+600000
 17794 words of font info for 70 fonts, out of 8000000 for 9000
 14 hyphenation exceptions out of 8191
 45i,18n,65p,10378b,634s stack positions out of 5000i,500n,10000p,200000b,80000s
</usr/share/texlive/texmf-dist/fonts/type1/public/amsfonts/cm/c
mbx12.pfb></usr/share/texlive/texmf-dist/fonts/type1/public/amsfonts/cm/cmbx8.p
fb></usr/share/texlive/texmf-dist/fonts/type1/public/amsfonts/cm/cmcsc10.pfb></
usr/share/texlive/texmf-dist/fonts/type1/public/amsfonts/cm/cmex10.pfb></usr/sh
are/texlive/texmf-dist/fonts/type1/public/amsfonts/cm/cmmi10.pfb></usr/share/te
xlive/texmf-dist/fonts/type1/public/amsfonts/cm/cmmi12.pfb></usr/share/texlive/
texmf-dist/fonts/type1/public/amsfonts/cm/cmmi6.pfb></usr/share/texlive/texmf-d
ist/fonts/type1/public/amsfonts/cm/cmmi8.pfb></usr/share/texlive/texmf-dist/fon
ts/type1/public/amsfonts/cm/cmr10.pfb></usr/share/texlive/texmf-dist/fonts/type
1/public/amsfonts/cm/cmr12.pfb></usr/share/texlive/texmf-dist/fonts/type1/publi
c/amsfonts/cm/cmr17.pfb></usr/share/texlive/texmf-dist/fonts/type1/public/amsfo
nts/cm/cmr6.pfb></usr/share/texlive/texmf-dist/fonts/type1/public/amsfonts/cm/c
mr8.pfb></usr/share/texlive/texmf-dist/fonts/type1/public/amsfonts/cm/cmsy10.pf
b></usr/share/texlive/texmf-dist/fonts/type1/public/amsfonts/cm/cmsy6.pfb></usr
/share/texlive/texmf-dist/fonts/type1/public/amsfonts/cm/cmsy8.pfb></usr/share/
texlive/texmf-dist/fonts/type1/public/amsfonts/cm/cmti12.pfb></usr/share/texliv
e/texmf-dist/fonts/type1/public/amsfonts/cm/cmti8.pfb></usr/share/texlive/texmf
-dist/fonts/type1/public/amsfonts/cm/cmtt12.pfb></usr/share/texlive/texmf-dist/
fonts/type1/public/amsfonts/symbols/msbm10.pfb></usr/share/texlive/texmf-dist/f
onts/type1/urw/palatino/uplb8a.pfb></usr/share/texlive/texmf-dist/fonts/type1/u
rw/palatino/uplr8a.pfb>
Output written on Thesis-UNH.pdf (167 pages, 40792694 bytes).
PDF statistics:
 746 PDF objects out of 1000 (max. 8388607)
 454 compressed objects within 5 object streams
 0 named destinations out of 1000 (max. 500000)
 261 words of extra memory for PDF output out of 10000 (max. 10000000)

