This is pdfTeX, Version 3.14159265-2.6-1.40.16 (TeX Live 2015) (preloaded format=pdflatex 2015.11.4)  2 MAY 2017 16:03
entering extended mode
 restricted \write18 enabled.
 file:line:error style messages enabled.
 %&-line parsing enabled.
**Chapter-2.tex
(./Chapter-2.tex
LaTeX2e <2015/10/01> patch level 2
Babel <3.9m> and hyphenation patterns for 79 languages loaded.
./Chapter-2.tex:1: Undefined control sequence.
l.1 \chapter
            {\sc Graphene}
? 
./Chapter-2.tex:1: Emergency stop.
l.1 \chapter
            {\sc Graphene}
End of file on the terminal!

 
Here is how much of TeX's memory you used:
 5 strings out of 493054
 135 string characters out of 6134760
 53374 words of memory out of 5000000
 3628 multiletter control sequences out of 15000+600000
 3640 words of font info for 14 fonts, out of 8000000 for 9000
 1141 hyphenation exceptions out of 8191
 5i,0n,1p,38b,8s stack positions out of 5000i,500n,10000p,200000b,80000s
./Chapter-2.tex:1:  ==> Fatal error occurred, no output PDF file produced!
